<?xml version="1.0" encoding="UTF-8"?>
<testng-results ignored="0" total="1" passed="1" failed="0" skipped="0">
  <reporter-output>
  </reporter-output>
  <suite started-at="2025-04-21T10:19:52 IST" name="Surefire suite" finished-at="2025-04-21T10:19:53 IST" duration-ms="62">
    <groups>
    </groups>
    <test started-at="2025-04-21T10:19:52 IST" name="Surefire test" finished-at="2025-04-21T10:19:53 IST" duration-ms="62">
      <class name="com.example.tests.SampleTest">
        <test-method signature="sampleTestMethod()[pri:0, instance:com.example.tests.SampleTest@46fa7c39]" started-at="2025-04-21T10:19:53 IST" name="sampleTestMethod" finished-at="2025-04-21T10:19:53 IST" duration-ms="24" status="PASS">
          <reporter-output>
          </reporter-output>
        </test-method> <!-- sampleTestMethod -->
      </class> <!-- com.example.tests.SampleTest -->
    </test> <!-- Surefire test -->
  </suite> <!-- Surefire suite -->
</testng-results>
